
> base44-app@0.0.0 typecheck /app
> tsc -p ./jsconfig.json

node_modules/.pnpm/canvas-confetti@1.9.4/node_modules/canvas-confetti/src/confetti.js(878,7): error TS2591: Cannot find name 'module'. Do you need to install type definitions for node? Try `npm i --save-dev @types/node` and then add 'node' to the types field in your tsconfig.
src/Layout.jsx(121,10): error TS2322: Type '{ children: Element; variant: string; size: string; onClick: () => void; className: string; }' is not assignable to type 'IntrinsicAttributes & RefAttributes<any>'.
  Property 'children' does not exist on type 'IntrinsicAttributes & RefAttributes<any>'.
src/Layout.jsx(198,18): error TS2322: Type '{ children: (string | Element)[]; variant: string; size: string; onClick: () => void; className: string; }' is not assignable to type 'IntrinsicAttributes & RefAttributes<any>'.
  Property 'children' does not exist on type 'IntrinsicAttributes & RefAttributes<any>'.
src/components/PlatformCard.jsx(101,12): error TS2322: Type '{ children: string; onClick: () => any; className: string; "aria-label": string; }' is not assignable to type 'IntrinsicAttributes & RefAttributes<any>'.
  Property 'children' does not exist on type 'IntrinsicAttributes & RefAttributes<any>'.
src/components/PlatformCard.jsx(110,14): error TS2322: Type '{ children: string | Element; onClick: () => any; disabled: boolean; className: string; "aria-label": string; }' is not assignable to type 'IntrinsicAttributes & RefAttributes<any>'.
  Property 'children' does not exist on type 'IntrinsicAttributes & RefAttributes<any>'.
src/components/PlatformCard.jsx(125,14): error TS2322: Type '{ children: string; onClick: () => any; className: string; "aria-label": string; }' is not assignable to type 'IntrinsicAttributes & RefAttributes<any>'.
  Property 'children' does not exist on type 'IntrinsicAttributes & RefAttributes<any>'.
src/components/ReconciliationRow.jsx(20,35): error TS2339: Property 'rec' does not exist on type '{}'.
src/components/ReconciliationRow.jsx(24,10): error TS2741: Property 'variant' is missing in type '{ children: any; className: string; }' but required in type '{ [x: string]: any; className: any; variant: any; }'.
src/components/TransactionRow.jsx(5,38): error TS2339: Property 'transaction' does not exist on type '{}'.
src/components/TransactionRow.jsx(5,51): error TS2339: Property 'isExpanded' does not exist on type '{}'.
src/components/TransactionRow.jsx(5,63): error TS2339: Property 'onToggleExpand' does not exist on type '{}'.
src/components/TransactionRow.jsx(40,12): error TS2322: Type '{ children: string; onClick: (e: any) => void; className: string; }' is not assignable to type 'IntrinsicAttributes & RefAttributes<any>'.
  Property 'children' does not exist on type 'IntrinsicAttributes & RefAttributes<any>'.
src/components/TransactionRow.jsx(53,15): error TS2322: Type 'string' is not assignable to type 'number'.
src/components/autopsy/AutopsyEventCard.jsx(37,34): error TS2339: Property 'event' does not exist on type '{}'.
src/components/autopsy/AutopsyEventCard.jsx(37,41): error TS2339: Property 'onDecision' does not exist on type '{}'.
src/components/autopsy/AutopsyEventCard.jsx(129,10): error TS2322: Type '{ children: (string | Element)[]; onClick: () => any; variant: string; className: string; }' is not assignable to type 'IntrinsicAttributes & RefAttributes<any>'.
  Property 'children' does not exist on type 'IntrinsicAttributes & RefAttributes<any>'.
src/components/autopsy/AutopsyEventCard.jsx(137,10): error TS2322: Type '{ children: (string | Element)[]; onClick: () => any; className: string; }' is not assignable to type 'IntrinsicAttributes & RefAttributes<any>'.
  Property 'children' does not exist on type 'IntrinsicAttributes & RefAttributes<any>'.
src/components/autopsy/AutopsyEventCard.jsx(144,10): error TS2322: Type '{ children: (string | Element)[]; onClick: () => any; className: string; }' is not assignable to type 'IntrinsicAttributes & RefAttributes<any>'.
  Property 'children' does not exist on type 'IntrinsicAttributes & RefAttributes<any>'.
src/components/dashboard/ConcentrationRiskAlert.jsx(30,12): error TS2322: Type '{ children: Element; variant: string; size: string; className: string; onClick: any; "aria-label": string; }' is not assignable to type 'IntrinsicAttributes & RefAttributes<any>'.
  Property 'children' does not exist on type 'IntrinsicAttributes & RefAttributes<any>'.
src/components/dashboard/InsightsPanel.jsx(78,24): error TS2322: Type '{ children: Element; variant: string; size: string; onClick: () => any; className: string; "aria-label": string; }' is not assignable to type 'IntrinsicAttributes & RefAttributes<any>'.
  Property 'children' does not exist on type 'IntrinsicAttributes & RefAttributes<any>'.
src/components/dashboard/InteractivePlatformChart.jsx(99,12): error TS2322: Type '{ children: Element; variant: string; size: string; onClick: () => void; className: string; }' is not assignable to type 'IntrinsicAttributes & RefAttributes<any>'.
  Property 'children' does not exist on type 'IntrinsicAttributes & RefAttributes<any>'.
src/components/dashboard/InteractivePlatformChart.jsx(107,12): error TS2322: Type '{ children: Element; variant: string; size: string; onClick: () => void; className: string; }' is not assignable to type 'IntrinsicAttributes & RefAttributes<any>'.
  Property 'children' does not exist on type 'IntrinsicAttributes & RefAttributes<any>'.
src/components/dashboard/InteractivePlatformChart.jsx(137,36): error TS2739: Type '{}' is missing the following properties from type '{ active: any; payload: any; }': active, payload
src/components/dashboard/InteractivePlatformChart.jsx(162,36): error TS2739: Type '{}' is missing the following properties from type '{ active: any; payload: any; }': active, payload
src/components/dashboard/RevenueForecasting.jsx(72,59): error TS2339: Property 'isForecast' does not exist on type '{ month: string; actual: any; monthKey: string; } | { month: string; forecast: number; isForecast: boolean; }'.
  Property 'isForecast' does not exist on type '{ month: string; actual: any; monthKey: string; }'.
src/components/dashboard/RevenueForecasting.jsx(74,20): error TS2339: Property 'isForecast' does not exist on type '{ month: string; actual: any; monthKey: string; } | { month: string; forecast: number; isForecast: boolean; }'.
  Property 'isForecast' does not exist on type '{ month: string; actual: any; monthKey: string; }'.
src/components/dashboard/RevenueForecasting.jsx(75,34): error TS2339: Property 'forecast' does not exist on type '{ month: string; actual: any; monthKey: string; } | { month: string; forecast: number; isForecast: boolean; }'.
  Property 'forecast' does not exist on type '{ month: string; actual: any; monthKey: string; }'.
src/components/dashboard/RevenueForecasting.jsx(111,30): error TS2739: Type '{}' is missing the following properties from type '{ active: any; payload: any; label: any; }': active, payload, label
src/components/expense/AIExpenseChat.jsx(68,8): error TS2322: Type '{ children: Element[]; className: string; style: { position: string; left: string; top: string; transform: string; }; }' is not assignable to type 'IntrinsicAttributes & RefAttributes<any>'.
  Property 'children' does not exist on type 'IntrinsicAttributes & RefAttributes<any>'.
src/components/expense/AIExpenseChat.jsx(69,10): error TS2741: Property 'className' is missing in type '{ children: Element; }' but required in type '{ [x: string]: any; className: any; }'.
src/components/expense/AIExpenseChat.jsx(70,12): error TS2322: Type '{ children: (string | Element)[]; className: string; }' is not assignable to type 'IntrinsicAttributes & RefAttributes<any>'.
  Property 'children' does not exist on type 'IntrinsicAttributes & RefAttributes<any>'.
src/components/expense/AIExpenseChat.jsx(112,13): error TS2322: Type '{ value: string; onChange: (e: any) => void; onKeyPress: (e: any) => Promise<void>; placeholder: string; className: string; disabled: boolean; }' is not assignable to type 'IntrinsicAttributes & RefAttributes<any>'.
  Property 'value' does not exist on type 'IntrinsicAttributes & RefAttributes<any>'.
src/components/expense/AIExpenseChat.jsx(119,12): error TS2322: Type '{ children: Element; onClick: () => Promise<void>; disabled: boolean; className: string; }' is not assignable to type 'IntrinsicAttributes & RefAttributes<any>'.
  Property 'children' does not exist on type 'IntrinsicAttributes & RefAttributes<any>'.
src/components/expense/BulkImportDialog.jsx(51,25): error TS2339: Property 'status' does not exist on type 'object'.
src/components/expense/BulkImportDialog.jsx(51,63): error TS2339: Property 'output' does not exist on type 'object'.
src/components/expense/BulkImportDialog.jsx(52,40): error TS2339: Property 'output' does not exist on type 'object'.
src/components/expense/BulkImportDialog.jsx(68,39): error TS2339: Property 'details' does not exist on type 'object'.
src/components/expense/BulkImportDialog.jsx(81,8): error TS2322: Type '{ children: Element[]; className: string; }' is not assignable to type 'IntrinsicAttributes & RefAttributes<any>'.
  Property 'children' does not exist on type 'IntrinsicAttributes & RefAttributes<any>'.
src/components/expense/BulkImportDialog.jsx(82,10): error TS2741: Property 'className' is missing in type '{ children: Element; }' but required in type '{ [x: string]: any; className: any; }'.
src/components/expense/BulkImportDialog.jsx(83,12): error TS2322: Type '{ children: string; className: string; }' is not assignable to type 'IntrinsicAttributes & RefAttributes<any>'.
  Property 'children' does not exist on type 'IntrinsicAttributes & RefAttributes<any>'.
src/components/expense/BulkImportDialog.jsx(96,17): error TS2322: Type '{ type: string; accept: string; onChange: (e: any) => Promise<void>; disabled: boolean; className: string; id: string; }' is not assignable to type 'IntrinsicAttributes & RefAttributes<any>'.
  Property 'type' does not exist on type 'IntrinsicAttributes & RefAttributes<any>'.
src/components/expense/BulkImportDialog.jsx(104,18): error TS2322: Type '{ children: Element; type: string; disabled: boolean; className: string; onClick: () => void; }' is not assignable to type 'IntrinsicAttributes & RefAttributes<any>'.
  Property 'children' does not exist on type 'IntrinsicAttributes & RefAttributes<any>'.
src/components/platform/ConnectedPlatformRow.jsx(62,3): error TS2339: Property 'connection' does not exist on type '{}'.
src/components/platform/ConnectedPlatformRow.jsx(63,3): error TS2339: Property 'platform' does not exist on type '{}'.
src/components/platform/ConnectedPlatformRow.jsx(64,3): error TS2339: Property 'isSyncing' does not exist on type '{}'.
src/components/platform/ConnectedPlatformRow.jsx(65,3): error TS2339: Property 'onViewHistory' does not exist on type '{}'.
src/components/platform/ConnectedPlatformRow.jsx(66,3): error TS2339: Property 'onSync' does not exist on type '{}'.
src/components/platform/ConnectedPlatformRow.jsx(67,3): error TS2339: Property 'onDisconnect' does not exist on type '{}'.
src/components/platform/ConnectedPlatformRow.jsx(68,3): error TS2339: Property 'isDisconnecting' does not exist on type '{}'.
src/components/platform/ConnectedPlatformRow.jsx(122,12): error TS2322: Type '{ children: Element; variant: string; size: string; onClick: () => any; className: string; "aria-label": string; }' is not assignable to type 'IntrinsicAttributes & RefAttributes<any>'.
  Property 'children' does not exist on type 'IntrinsicAttributes & RefAttributes<any>'.
src/components/platform/ConnectedPlatformRow.jsx(131,12): error TS2322: Type '{ children: Element; variant: string; size: string; onClick: () => any; disabled: any; className: string; "aria-label": string; }' is not assignable to type 'IntrinsicAttributes & RefAttributes<any>'.
  Property 'children' does not exist on type 'IntrinsicAttributes & RefAttributes<any>'.
src/components/platform/ConnectedPlatformRow.jsx(141,12): error TS2322: Type '{ children: Element; variant: string; size: string; className: string; onClick: () => any; disabled: any; "aria-label": string; }' is not assignable to type 'IntrinsicAttributes & RefAttributes<any>'.
  Property 'children' does not exist on type 'IntrinsicAttributes & RefAttributes<any>'.
src/components/platform/PlatformSyncHistory.jsx(36,8): error TS2322: Type '{ children: Element[]; className: string; }' is not assignable to type 'IntrinsicAttributes & RefAttributes<any>'.
  Property 'children' does not exist on type 'IntrinsicAttributes & RefAttributes<any>'.
src/components/platform/PlatformSyncHistory.jsx(37,10): error TS2741: Property 'className' is missing in type '{ children: Element; }' but required in type '{ [x: string]: any; className: any; }'.
src/components/platform/PlatformSyncHistory.jsx(38,12): error TS2322: Type '{ children: any[]; className: string; }' is not assignable to type 'IntrinsicAttributes & RefAttributes<any>'.
  Property 'children' does not exist on type 'IntrinsicAttributes & RefAttributes<any>'.
src/components/ui/button.jsx(37,36): error TS2339: Property 'className' does not exist on type '{}'.
src/components/ui/button.jsx(37,47): error TS2339: Property 'variant' does not exist on type '{}'.
src/components/ui/button.jsx(37,56): error TS2339: Property 'size' does not exist on type '{}'.
src/components/ui/button.jsx(37,62): error TS2339: Property 'asChild' does not exist on type '{}'.
src/components/ui/dialog.jsx(15,43): error TS2339: Property 'className' does not exist on type '{}'.
src/components/ui/dialog.jsx(27,43): error TS2339: Property 'className' does not exist on type '{}'.
src/components/ui/dialog.jsx(27,54): error TS2339: Property 'children' does not exist on type '{}'.
src/components/ui/dialog.jsx(83,41): error TS2339: Property 'className' does not exist on type '{}'.
src/components/ui/dialog.jsx(95,47): error TS2339: Property 'className' does not exist on type '{}'.
src/components/ui/input.jsx(5,35): error TS2339: Property 'className' does not exist on type '{}'.
src/components/ui/input.jsx(5,46): error TS2339: Property 'type' does not exist on type '{}'.
src/components/ui/label.jsx(11,35): error TS2339: Property 'className' does not exist on type '{}'.
src/components/ui/select.jsx(15,43): error TS2339: Property 'className' does not exist on type '{}'.
src/components/ui/select.jsx(15,54): error TS2339: Property 'children' does not exist on type '{}'.
src/components/ui/select.jsx(31,50): error TS2339: Property 'className' does not exist on type '{}'.
src/components/ui/select.jsx(41,52): error TS2339: Property 'className' does not exist on type '{}'.
src/components/ui/select.jsx(52,43): error TS2339: Property 'className' does not exist on type '{}'.
src/components/ui/select.jsx(52,54): error TS2339: Property 'children' does not exist on type '{}'.
src/components/ui/select.jsx(52,64): error TS2339: Property 'position' does not exist on type '{}'.
src/components/ui/select.jsx(76,41): error TS2339: Property 'className' does not exist on type '{}'.
src/components/ui/select.jsx(84,40): error TS2339: Property 'className' does not exist on type '{}'.
src/components/ui/select.jsx(84,51): error TS2339: Property 'children' does not exist on type '{}'.
src/components/ui/select.jsx(85,4): error TS2741: Property 'value' is missing in type '{ children: Element[]; ref: ForwardedRef<any>; className: string; }' but required in type 'SelectItemProps'.
src/components/ui/select.jsx(102,45): error TS2339: Property 'className' does not exist on type '{}'.
src/components/ui/switch.jsx(6,36): error TS2339: Property 'className' does not exist on type '{}'.
src/components/ui/textarea.jsx(5,38): error TS2339: Property 'className' does not exist on type '{}'.
src/lib/app-params.js(23,11): error TS2339: Property 'setItem' does not exist on type 'Map<any, any> | Storage'.
  Property 'setItem' does not exist on type 'Map<any, any>'.
src/lib/app-params.js(27,11): error TS2339: Property 'setItem' does not exist on type 'Map<any, any> | Storage'.
  Property 'setItem' does not exist on type 'Map<any, any>'.
src/lib/app-params.js(30,30): error TS2339: Property 'getItem' does not exist on type 'Map<any, any> | Storage'.
  Property 'getItem' does not exist on type 'Map<any, any>'.
src/lib/app-params.js(39,11): error TS2339: Property 'removeItem' does not exist on type 'Map<any, any> | Storage'.
  Property 'removeItem' does not exist on type 'Map<any, any>'.
src/lib/app-params.js(40,11): error TS2339: Property 'removeItem' does not exist on type 'Map<any, any> | Storage'.
  Property 'removeItem' does not exist on type 'Map<any, any>'.
src/lib/app-params.js(43,65): error TS2339: Property 'env' does not exist on type 'ImportMeta'.
src/lib/app-params.js(46,87): error TS2339: Property 'env' does not exist on type 'ImportMeta'.
src/lib/app-params.js(47,76): error TS2339: Property 'env' does not exist on type 'ImportMeta'.
src/pages/AuthCallback.jsx(121,14): error TS2322: Type '{ children: string; onClick: () => void; className: string; }' is not assignable to type 'IntrinsicAttributes & RefAttributes<any>'.
  Property 'children' does not exist on type 'IntrinsicAttributes & RefAttributes<any>'.
src/pages/ConnectedApps.jsx(208,28): error TS2322: Type '{ children: (string | Element)[]; className: string; "aria-label": string; }' is not assignable to type 'IntrinsicAttributes & RefAttributes<any>'.
  Property 'children' does not exist on type 'IntrinsicAttributes & RefAttributes<any>'.
src/pages/ConnectedApps.jsx(215,28): error TS2322: Type '{ children: Element; className: string; "aria-label": string; }' is not assignable to type 'IntrinsicAttributes & RefAttributes<any>'.
  Property 'children' does not exist on type 'IntrinsicAttributes & RefAttributes<any>'.
src/pages/ConnectedApps.jsx(228,23): error TS2322: Type 'string' is not assignable to type 'number'.
src/pages/ConnectedApps.jsx(262,28): error TS2322: Type '{ children: string; className: string; "aria-label": string; }' is not assignable to type 'IntrinsicAttributes & RefAttributes<any>'.
  Property 'children' does not exist on type 'IntrinsicAttributes & RefAttributes<any>'.
src/pages/ConnectedApps.jsx(304,14): error TS2322: Type '{ children: string; className: string; }' is not assignable to type 'IntrinsicAttributes & RefAttributes<any>'.
  Property 'children' does not exist on type 'IntrinsicAttributes & RefAttributes<any>'.
src/pages/ConnectedPlatforms.jsx(180,66): error TS2345: Argument of type 'void' is not assignable to parameter of type 'string'.
src/pages/ConnectedPlatforms.jsx(182,37): error TS2559: Type 'string[]' has no properties in common with type 'InvalidateQueryFilters<readonly unknown[]>'.
src/pages/ConnectedPlatforms.jsx(189,68): error TS2345: Argument of type 'void' is not assignable to parameter of type 'Record<string, any>'.
src/pages/ConnectedPlatforms.jsx(191,37): error TS2559: Type 'string[]' has no properties in common with type 'InvalidateQueryFilters<readonly unknown[]>'.
src/pages/ConnectedPlatforms.jsx(213,54): error TS2345: Argument of type 'void' is not assignable to parameter of type 'string'.
src/pages/ConnectedPlatforms.jsx(227,55): error TS2345: Argument of type 'void' is not assignable to parameter of type 'string'.
src/pages/ConnectedPlatforms.jsx(234,37): error TS2559: Type 'string[]' has no properties in common with type 'InvalidateQueryFilters<readonly unknown[]>'.
src/pages/ConnectedPlatforms.jsx(242,50): error TS2345: Argument of type 'void' is not assignable to parameter of type 'string'.
src/pages/ConnectedPlatforms.jsx(247,37): error TS2559: Type 'string[]' has no properties in common with type 'InvalidateQueryFilters<readonly unknown[]>'.
src/pages/ConnectedPlatforms.jsx(325,30): error TS2345: Argument of type '{ platform: any; oauth_token: string; sync_status: string; connected_at: string; last_synced_at: string; }' is not assignable to parameter of type 'void'.
src/pages/ConnectedPlatforms.jsx(372,37): error TS2559: Type 'string[]' has no properties in common with type 'InvalidateQueryFilters<readonly unknown[]>'.
src/pages/ConnectedPlatforms.jsx(373,37): error TS2559: Type 'string[]' has no properties in common with type 'InvalidateQueryFilters<readonly unknown[]>'.
src/pages/ConnectedPlatforms.jsx(429,12): error TS2322: Type '{ children: (string | Element)[]; onClick: () => void; className: string; }' is not assignable to type 'IntrinsicAttributes & RefAttributes<any>'.
  Property 'children' does not exist on type 'IntrinsicAttributes & RefAttributes<any>'.
src/pages/ConnectedPlatforms.jsx(549,12): error TS2322: Type '{ children: (string | Element)[]; onClick: () => void; className: string; }' is not assignable to type 'IntrinsicAttributes & RefAttributes<any>'.
  Property 'children' does not exist on type 'IntrinsicAttributes & RefAttributes<any>'.
src/pages/ConnectedPlatforms.jsx(566,19): error TS2322: Type '{ key: any; connection: any; platform: { id: string; name: string; icon: ForwardRefExoticComponent<Omit<LucideProps, "ref"> & RefAttributes<SVGSVGElement>>; ... 9 more ...; requiresShopName?: undefined; } | { ...; } | { ...; } | { ...; }; ... 4 more ...; isDisconnecting: boolean; }' is not assignable to type 'IntrinsicAttributes & object'.
  Property 'connection' does not exist on type 'IntrinsicAttributes & object'.
src/pages/ConnectedPlatforms.jsx(581,10): error TS2322: Type '{ children: Element[]; className: string; style: { position: string; left: string; top: string; transform: string; }; }' is not assignable to type 'IntrinsicAttributes & RefAttributes<any>'.
  Property 'children' does not exist on type 'IntrinsicAttributes & RefAttributes<any>'.
src/pages/ConnectedPlatforms.jsx(582,12): error TS2741: Property 'className' is missing in type '{ children: Element[]; }' but required in type '{ [x: string]: any; className: any; }'.
src/pages/ConnectedPlatforms.jsx(583,14): error TS2322: Type '{ children: string; className: string; }' is not assignable to type 'IntrinsicAttributes & RefAttributes<any>'.
  Property 'children' does not exist on type 'IntrinsicAttributes & RefAttributes<any>'.
src/pages/ConnectedPlatforms.jsx(586,14): error TS2322: Type '{ children: string; className: string; }' is not assignable to type 'IntrinsicAttributes & RefAttributes<any>'.
  Property 'children' does not exist on type 'IntrinsicAttributes & RefAttributes<any>'.
src/pages/ConnectedPlatforms.jsx(609,18): error TS2322: Type '{ children: string; htmlFor: string; className: string; }' is not assignable to type 'IntrinsicAttributes & RefAttributes<any>'.
  Property 'children' does not exist on type 'IntrinsicAttributes & RefAttributes<any>'.
src/pages/ConnectedPlatforms.jsx(613,21): error TS2322: Type '{ id: string; type: string; value: string; onChange: (e: any) => void; placeholder: string; className: string; }' is not assignable to type 'IntrinsicAttributes & RefAttributes<any>'.
  Property 'id' does not exist on type 'IntrinsicAttributes & RefAttributes<any>'.
src/pages/ConnectedPlatforms.jsx(627,18): error TS2322: Type '{ children: string; variant: string; onClick: () => void; className: string; disabled: any; }' is not assignable to type 'IntrinsicAttributes & RefAttributes<any>'.
  Property 'children' does not exist on type 'IntrinsicAttributes & RefAttributes<any>'.
src/pages/ConnectedPlatforms.jsx(638,18): error TS2322: Type '{ children: Element; onClick: () => Promise<void>; disabled: any; className: string; }' is not assignable to type 'IntrinsicAttributes & RefAttributes<any>'.
  Property 'children' does not exist on type 'IntrinsicAttributes & RefAttributes<any>'.
src/pages/ConnectedPlatforms.jsx(673,18): error TS2322: Type '{ children: string; htmlFor: string; className: string; }' is not assignable to type 'IntrinsicAttributes & RefAttributes<any>'.
  Property 'children' does not exist on type 'IntrinsicAttributes & RefAttributes<any>'.
src/pages/ConnectedPlatforms.jsx(677,21): error TS2322: Type '{ id: string; type: string; value: string; onChange: (e: any) => void; placeholder: string; className: string; }' is not assignable to type 'IntrinsicAttributes & RefAttributes<any>'.
  Property 'id' does not exist on type 'IntrinsicAttributes & RefAttributes<any>'.
src/pages/ConnectedPlatforms.jsx(691,18): error TS2322: Type '{ children: string; variant: string; onClick: () => void; className: string; }' is not assignable to type 'IntrinsicAttributes & RefAttributes<any>'.
  Property 'children' does not exist on type 'IntrinsicAttributes & RefAttributes<any>'.
src/pages/ConnectedPlatforms.jsx(701,18): error TS2322: Type '{ children: (string | Element)[]; onClick: () => void; disabled: boolean; className: string; }' is not assignable to type 'IntrinsicAttributes & RefAttributes<any>'.
  Property 'children' does not exist on type 'IntrinsicAttributes & RefAttributes<any>'.
src/pages/ConnectedPlatforms.jsx(752,10): error TS2322: Type '{ children: Element[]; className: string; style: { position: string; left: string; top: string; transform: string; }; }' is not assignable to type 'IntrinsicAttributes & RefAttributes<any>'.
  Property 'children' does not exist on type 'IntrinsicAttributes & RefAttributes<any>'.
src/pages/ConnectedPlatforms.jsx(753,12): error TS2741: Property 'className' is missing in type '{ children: Element[]; }' but required in type '{ [x: string]: any; className: any; }'.
src/pages/ConnectedPlatforms.jsx(754,14): error TS2322: Type '{ children: any[]; className: string; }' is not assignable to type 'IntrinsicAttributes & RefAttributes<any>'.
  Property 'children' does not exist on type 'IntrinsicAttributes & RefAttributes<any>'.
src/pages/ConnectedPlatforms.jsx(755,14): error TS2322: Type '{ children: any[]; className: string; }' is not assignable to type 'IntrinsicAttributes & RefAttributes<any>'.
  Property 'children' does not exist on type 'IntrinsicAttributes & RefAttributes<any>'.
src/pages/ConnectedPlatforms.jsx(760,14): error TS2322: Type '{ children: string; variant: string; onClick: () => void; className: string; }' is not assignable to type 'IntrinsicAttributes & RefAttributes<any>'.
  Property 'children' does not exist on type 'IntrinsicAttributes & RefAttributes<any>'.
src/pages/ConnectedPlatforms.jsx(767,14): error TS2322: Type '{ children: string | Element; onClick: () => void; disabled: boolean; className: string; }' is not assignable to type 'IntrinsicAttributes & RefAttributes<any>'.
  Property 'children' does not exist on type 'IntrinsicAttributes & RefAttributes<any>'.
src/pages/Dashboard.jsx(101,30): error TS2554: Expected 2 arguments, but got 1.
src/pages/Dashboard.jsx(102,43): error TS2559: Type 'string[]' has no properties in common with type 'InvalidateQueryFilters<readonly unknown[]>'.
src/pages/Dashboard.jsx(215,12): error TS2322: Type '{ children: (string | Element)[]; onClick: () => Promise<void>; disabled: boolean; className: string; }' is not assignable to type 'IntrinsicAttributes & RefAttributes<any>'.
  Property 'children' does not exist on type 'IntrinsicAttributes & RefAttributes<any>'.
src/pages/Dashboard.jsx(227,12): error TS2322: Type '{ children: (string | Element)[]; onClick: () => Promise<QueryObserverResult<any, Error>>; disabled: boolean; className: string; }' is not assignable to type 'IntrinsicAttributes & RefAttributes<any>'.
  Property 'children' does not exist on type 'IntrinsicAttributes & RefAttributes<any>'.
src/pages/Dashboard.jsx(354,12): error TS2741: Property 'onDismiss' is missing in type '{ insights: any; }' but required in type '{ insights: any; onDismiss: any; }'.
src/pages/Expenses.jsx(71,58): error TS2345: Argument of type 'void' is not assignable to parameter of type 'Record<string, any>'.
src/pages/Expenses.jsx(73,37): error TS2559: Type 'string[]' has no properties in common with type 'InvalidateQueryFilters<readonly unknown[]>'.
src/pages/Expenses.jsx(81,56): error TS2345: Argument of type 'void' is not assignable to parameter of type 'string'.
src/pages/Expenses.jsx(83,37): error TS2559: Type 'string[]' has no properties in common with type 'InvalidateQueryFilters<readonly unknown[]>'.
src/pages/Expenses.jsx(180,34): error TS2345: Argument of type '{ amount: number; deduction_percentage: number; expense_date: string; category: string; description: string; merchant: string; is_tax_deductible: boolean; receipt_url: string; payment_method: string; notes: string; }' is not assignable to parameter of type 'void'.
src/pages/Expenses.jsx(183,40): error TS2345: Argument of type 'number' is not assignable to parameter of type 'string'.
src/pages/Expenses.jsx(211,12): error TS2322: Type '{ children: (string | Element)[]; onClick: () => void; variant: string; className: string; }' is not assignable to type 'IntrinsicAttributes & RefAttributes<any>'.
  Property 'children' does not exist on type 'IntrinsicAttributes & RefAttributes<any>'.
src/pages/Expenses.jsx(219,12): error TS2322: Type '{ children: (string | Element)[]; onClick: () => void; variant: string; className: string; }' is not assignable to type 'IntrinsicAttributes & RefAttributes<any>'.
  Property 'children' does not exist on type 'IntrinsicAttributes & RefAttributes<any>'.
src/pages/Expenses.jsx(227,12): error TS2322: Type '{ children: (string | Element)[]; onClick: () => void; className: string; }' is not assignable to type 'IntrinsicAttributes & RefAttributes<any>'.
  Property 'children' does not exist on type 'IntrinsicAttributes & RefAttributes<any>'.
src/pages/Expenses.jsx(340,22): error TS2322: Type '{ children: Element; variant: string; size: string; onClick: () => void; className: string; "aria-label": string; }' is not assignable to type 'IntrinsicAttributes & RefAttributes<any>'.
  Property 'children' does not exist on type 'IntrinsicAttributes & RefAttributes<any>'.
src/pages/Expenses.jsx(362,10): error TS2322: Type '{ children: Element[]; className: string; }' is not assignable to type 'IntrinsicAttributes & RefAttributes<any>'.
  Property 'children' does not exist on type 'IntrinsicAttributes & RefAttributes<any>'.
src/pages/Expenses.jsx(363,12): error TS2741: Property 'className' is missing in type '{ children: Element; }' but required in type '{ [x: string]: any; className: any; }'.
src/pages/Expenses.jsx(364,14): error TS2322: Type '{ children: string; className: string; }' is not assignable to type 'IntrinsicAttributes & RefAttributes<any>'.
  Property 'children' does not exist on type 'IntrinsicAttributes & RefAttributes<any>'.
src/pages/Expenses.jsx(369,16): error TS2322: Type '{ children: string; htmlFor: string; className: string; }' is not assignable to type 'IntrinsicAttributes & RefAttributes<any>'.
  Property 'children' does not exist on type 'IntrinsicAttributes & RefAttributes<any>'.
src/pages/Expenses.jsx(372,19): error TS2322: Type '{ id: string; type: string; accept: string; onChange: (e: any) => Promise<void>; disabled: boolean; className: string; }' is not assignable to type 'IntrinsicAttributes & RefAttributes<any>'.
  Property 'id' does not exist on type 'IntrinsicAttributes & RefAttributes<any>'.
src/pages/Expenses.jsx(390,18): error TS2322: Type '{ children: string; htmlFor: string; className: string; }' is not assignable to type 'IntrinsicAttributes & RefAttributes<any>'.
  Property 'children' does not exist on type 'IntrinsicAttributes & RefAttributes<any>'.
src/pages/Expenses.jsx(392,19): error TS2322: Type '{ id: string; type: string; step: string; value: string; onChange: (e: any) => void; placeholder: string; className: string; required: true; }' is not assignable to type 'IntrinsicAttributes & RefAttributes<any>'.
  Property 'id' does not exist on type 'IntrinsicAttributes & RefAttributes<any>'.
src/pages/Expenses.jsx(403,18): error TS2322: Type '{ children: string; htmlFor: string; className: string; }' is not assignable to type 'IntrinsicAttributes & RefAttributes<any>'.
  Property 'children' does not exist on type 'IntrinsicAttributes & RefAttributes<any>'.
src/pages/Expenses.jsx(405,19): error TS2322: Type '{ id: string; type: string; value: string; onChange: (e: any) => void; className: string; required: true; }' is not assignable to type 'IntrinsicAttributes & RefAttributes<any>'.
  Property 'id' does not exist on type 'IntrinsicAttributes & RefAttributes<any>'.
src/pages/Expenses.jsx(416,16): error TS2322: Type '{ children: string; htmlFor: string; className: string; }' is not assignable to type 'IntrinsicAttributes & RefAttributes<any>'.
  Property 'children' does not exist on type 'IntrinsicAttributes & RefAttributes<any>'.
src/pages/Expenses.jsx(418,17): error TS2322: Type '{ id: string; value: string; onChange: (e: any) => void; placeholder: string; className: string; }' is not assignable to type 'IntrinsicAttributes & RefAttributes<any>'.
  Property 'id' does not exist on type 'IntrinsicAttributes & RefAttributes<any>'.
src/pages/Expenses.jsx(427,16): error TS2322: Type '{ children: string; htmlFor: string; className: string; }' is not assignable to type 'IntrinsicAttributes & RefAttributes<any>'.
  Property 'children' does not exist on type 'IntrinsicAttributes & RefAttributes<any>'.
src/pages/Expenses.jsx(429,17): error TS2322: Type '{ id: string; value: string; onChange: (e: any) => void; placeholder: string; className: string; rows: number; }' is not assignable to type 'IntrinsicAttributes & RefAttributes<any>'.
  Property 'id' does not exist on type 'IntrinsicAttributes & RefAttributes<any>'.
src/pages/Expenses.jsx(440,18): error TS2322: Type '{ children: string; htmlFor: string; className: string; }' is not assignable to type 'IntrinsicAttributes & RefAttributes<any>'.
  Property 'children' does not exist on type 'IntrinsicAttributes & RefAttributes<any>'.
src/pages/Expenses.jsx(441,18): error TS2322: Type '{ children: (string | Element)[]; type: string; onClick: () => Promise<void>; disabled: boolean; className: string; }' is not assignable to type 'IntrinsicAttributes & RefAttributes<any>'.
  Property 'children' does not exist on type 'IntrinsicAttributes & RefAttributes<any>'.
src/pages/Expenses.jsx(456,18): error TS2322: Type '{ children: Element; id: string; className: string; }' is not assignable to type 'IntrinsicAttributes & RefAttributes<any>'.
  Property 'children' does not exist on type 'IntrinsicAttributes & RefAttributes<any>'.
src/pages/Expenses.jsx(459,18): error TS2559: Type '{ children: Element[]; }' has no properties in common with type 'IntrinsicAttributes & RefAttributes<any>'.
src/pages/Expenses.jsx(461,22): error TS2322: Type '{ children: string[]; key: string; value: string; }' is not assignable to type 'IntrinsicAttributes & RefAttributes<any>'.
  Property 'children' does not exist on type 'IntrinsicAttributes & RefAttributes<any>'.
src/pages/Expenses.jsx(471,18): error TS2322: Type '{ children: string; htmlFor: string; className: string; }' is not assignable to type 'IntrinsicAttributes & RefAttributes<any>'.
  Property 'children' does not exist on type 'IntrinsicAttributes & RefAttributes<any>'.
src/pages/Expenses.jsx(473,19): error TS2322: Type '{ id: string; type: string; min: string; max: string; value: number; onChange: (e: any) => void; className: string; }' is not assignable to type 'IntrinsicAttributes & RefAttributes<any>'.
  Property 'id' does not exist on type 'IntrinsicAttributes & RefAttributes<any>'.
src/pages/Expenses.jsx(483,18): error TS2322: Type '{ children: string; htmlFor: string; className: string; }' is not assignable to type 'IntrinsicAttributes & RefAttributes<any>'.
  Property 'children' does not exist on type 'IntrinsicAttributes & RefAttributes<any>'.
src/pages/Expenses.jsx(485,20): error TS2322: Type '{ children: Element; id: string; className: string; }' is not assignable to type 'IntrinsicAttributes & RefAttributes<any>'.
  Property 'children' does not exist on type 'IntrinsicAttributes & RefAttributes<any>'.
src/pages/Expenses.jsx(488,20): error TS2559: Type '{ children: Element[]; }' has no properties in common with type 'IntrinsicAttributes & RefAttributes<any>'.
src/pages/Expenses.jsx(489,22): error TS2322: Type '{ children: string; value: string; }' is not assignable to type 'IntrinsicAttributes & RefAttributes<any>'.
  Property 'children' does not exist on type 'IntrinsicAttributes & RefAttributes<any>'.
src/pages/Expenses.jsx(490,22): error TS2322: Type '{ children: string; value: string; }' is not assignable to type 'IntrinsicAttributes & RefAttributes<any>'.
  Property 'children' does not exist on type 'IntrinsicAttributes & RefAttributes<any>'.
src/pages/Expenses.jsx(491,22): error TS2322: Type '{ children: string; value: string; }' is not assignable to type 'IntrinsicAttributes & RefAttributes<any>'.
  Property 'children' does not exist on type 'IntrinsicAttributes & RefAttributes<any>'.
src/pages/Expenses.jsx(492,22): error TS2322: Type '{ children: string; value: string; }' is not assignable to type 'IntrinsicAttributes & RefAttributes<any>'.
  Property 'children' does not exist on type 'IntrinsicAttributes & RefAttributes<any>'.
src/pages/Expenses.jsx(493,22): error TS2322: Type '{ children: string; value: string; }' is not assignable to type 'IntrinsicAttributes & RefAttributes<any>'.
  Property 'children' does not exist on type 'IntrinsicAttributes & RefAttributes<any>'.
src/pages/Expenses.jsx(500,16): error TS2322: Type '{ children: string; type: string; variant: string; onClick: () => void; className: string; }' is not assignable to type 'IntrinsicAttributes & RefAttributes<any>'.
  Property 'children' does not exist on type 'IntrinsicAttributes & RefAttributes<any>'.
src/pages/Expenses.jsx(511,16): error TS2322: Type '{ children: (string | Element)[]; type: string; disabled: boolean; className: string; }' is not assignable to type 'IntrinsicAttributes & RefAttributes<any>'.
  Property 'children' does not exist on type 'IntrinsicAttributes & RefAttributes<any>'.
src/pages/Expenses.jsx(531,56): error TS2559: Type 'string[]' has no properties in common with type 'InvalidateQueryFilters<readonly unknown[]>'.
src/pages/Help.jsx(24,16): error TS2322: Type '{ children: (string | Element)[]; className: string; }' is not assignable to type 'IntrinsicAttributes & RefAttributes<any>'.
  Property 'children' does not exist on type 'IntrinsicAttributes & RefAttributes<any>'.
src/pages/Help.jsx(41,16): error TS2322: Type '{ children: (string | Element)[]; className: string; }' is not assignable to type 'IntrinsicAttributes & RefAttributes<any>'.
  Property 'children' does not exist on type 'IntrinsicAttributes & RefAttributes<any>'.
src/pages/Help.jsx(58,16): error TS2322: Type '{ children: string; className: string; }' is not assignable to type 'IntrinsicAttributes & RefAttributes<any>'.
  Property 'children' does not exist on type 'IntrinsicAttributes & RefAttributes<any>'.
src/pages/Notifications.jsx(39,14): error TS2322: Type '{ children: string; className: string; }' is not assignable to type 'IntrinsicAttributes & RefAttributes<any>'.
  Property 'children' does not exist on type 'IntrinsicAttributes & RefAttributes<any>'.
src/pages/Platforms.jsx(64,33): error TS2339: Property 'charAt' does not exist on type 'void'.
src/pages/Platforms.jsx(64,68): error TS2339: Property 'slice' does not exist on type 'void'.
src/pages/Platforms.jsx(92,33): error TS2339: Property 'charAt' does not exist on type 'void'.
src/pages/Platforms.jsx(92,68): error TS2339: Property 'slice' does not exist on type 'void'.
src/pages/Platforms.jsx(113,33): error TS2339: Property 'charAt' does not exist on type 'void'.
src/pages/Platforms.jsx(113,68): error TS2339: Property 'slice' does not exist on type 'void'.
src/pages/Platforms.jsx(182,10): error TS2559: Type '{ children: Element[]; }' has no properties in common with type 'IntrinsicAttributes & RefAttributes<any>'.
src/pages/Platforms.jsx(183,12): error TS2741: Property 'className' is missing in type '{ children: Element[]; }' but required in type '{ [x: string]: any; className: any; }'.
src/pages/Platforms.jsx(184,14): error TS2559: Type '{ children: any[]; }' has no properties in common with type 'IntrinsicAttributes & RefAttributes<any>'.
src/pages/Platforms.jsx(185,14): error TS2559: Type '{ children: string; }' has no properties in common with type 'IntrinsicAttributes & RefAttributes<any>'.
src/pages/Platforms.jsx(189,12): error TS2741: Property 'className' is missing in type '{ children: Element[]; }' but required in type '{ [x: string]: any; className: any; }'.
src/pages/Platforms.jsx(190,14): error TS2322: Type '{ children: string; onClick: () => void; className: string; }' is not assignable to type 'IntrinsicAttributes & RefAttributes<any>'.
  Property 'children' does not exist on type 'IntrinsicAttributes & RefAttributes<any>'.
src/pages/Platforms.jsx(196,14): error TS2322: Type '{ children: string; onClick: () => void; className: string; }' is not assignable to type 'IntrinsicAttributes & RefAttributes<any>'.
  Property 'children' does not exist on type 'IntrinsicAttributes & RefAttributes<any>'.
src/pages/Pricing.jsx(207,16): error TS2322: Type '{ children: string; size: string; onClick: () => void; className: string; }' is not assignable to type 'IntrinsicAttributes & RefAttributes<any>'.
  Property 'children' does not exist on type 'IntrinsicAttributes & RefAttributes<any>'.
src/pages/Pricing.jsx(214,16): error TS2322: Type '{ children: string; size: string; variant: string; onClick: () => void; className: string; }' is not assignable to type 'IntrinsicAttributes & RefAttributes<any>'.
  Property 'children' does not exist on type 'IntrinsicAttributes & RefAttributes<any>'.
src/pages/Pricing.jsx(316,16): error TS2322: Type '{ children: any; onClick: () => void; className: string; }' is not assignable to type 'IntrinsicAttributes & RefAttributes<any>'.
  Property 'children' does not exist on type 'IntrinsicAttributes & RefAttributes<any>'.
src/pages/Pricing.jsx(493,16): error TS2322: Type '{ children: string; size: string; onClick: () => void; className: string; }' is not assignable to type 'IntrinsicAttributes & RefAttributes<any>'.
  Property 'children' does not exist on type 'IntrinsicAttributes & RefAttributes<any>'.
src/pages/Pricing.jsx(500,16): error TS2322: Type '{ children: string; size: string; variant: string; onClick: () => void; className: string; }' is not assignable to type 'IntrinsicAttributes & RefAttributes<any>'.
  Property 'children' does not exist on type 'IntrinsicAttributes & RefAttributes<any>'.
src/pages/Privacy.jsx(32,12): error TS2322: Type '{ children: (string | Element)[]; className: string; }' is not assignable to type 'IntrinsicAttributes & RefAttributes<any>'.
  Property 'children' does not exist on type 'IntrinsicAttributes & RefAttributes<any>'.
src/pages/Privacy.jsx(43,12): error TS2322: Type '{ children: (string | Element)[]; className: string; }' is not assignable to type 'IntrinsicAttributes & RefAttributes<any>'.
  Property 'children' does not exist on type 'IntrinsicAttributes & RefAttributes<any>'.
src/pages/Profile.jsx(67,48): error TS2345: Argument of type 'void' is not assignable to parameter of type 'Partial<Omit<User, "id" | "created_date" | "updated_date">>'.
src/pages/Profile.jsx(69,37): error TS2559: Type 'string[]' has no properties in common with type 'InvalidateQueryFilters<readonly unknown[]>'.
src/pages/Profile.jsx(78,66): error TS2345: Argument of type 'void' is not assignable to parameter of type 'string'.
src/pages/Profile.jsx(80,37): error TS2559: Type 'string[]' has no properties in common with type 'InvalidateQueryFilters<readonly unknown[]>'.
src/pages/Profile.jsx(86,34): error TS2345: Argument of type '{ full_name: string; }' is not assignable to parameter of type 'void'.
src/pages/Profile.jsx(128,16): error TS2322: Type '{ children: string; className: string; }' is not assignable to type 'IntrinsicAttributes & RefAttributes<any>'.
  Property 'children' does not exist on type 'IntrinsicAttributes & RefAttributes<any>'.
src/pages/Profile.jsx(130,17): error TS2322: Type '{ value: string; onChange: (e: any) => void; className: string; placeholder: string; }' is not assignable to type 'IntrinsicAttributes & RefAttributes<any>'.
  Property 'value' does not exist on type 'IntrinsicAttributes & RefAttributes<any>'.
src/pages/Profile.jsx(138,16): error TS2322: Type '{ children: string; className: string; }' is not assignable to type 'IntrinsicAttributes & RefAttributes<any>'.
  Property 'children' does not exist on type 'IntrinsicAttributes & RefAttributes<any>'.
src/pages/Profile.jsx(142,19): error TS2322: Type '{ value: string; disabled: true; className: string; }' is not assignable to type 'IntrinsicAttributes & RefAttributes<any>'.
  Property 'value' does not exist on type 'IntrinsicAttributes & RefAttributes<any>'.
src/pages/Profile.jsx(161,14): error TS2322: Type '{ children: (string | Element)[]; onClick: () => void; disabled: boolean; className: string; }' is not assignable to type 'IntrinsicAttributes & RefAttributes<any>'.
  Property 'children' does not exist on type 'IntrinsicAttributes & RefAttributes<any>'.
src/pages/Profile.jsx(223,22): error TS2322: Type '{ children: Element; variant: string; size: string; onClick: () => void; disabled: boolean; className: string; }' is not assignable to type 'IntrinsicAttributes & RefAttributes<any>'.
  Property 'children' does not exist on type 'IntrinsicAttributes & RefAttributes<any>'.
src/pages/Profile.jsx(263,17): error TS2322: Type '{ checked: boolean; onCheckedChange: (checked: any) => void; }' is not assignable to type 'IntrinsicAttributes & RefAttributes<any>'.
  Property 'checked' does not exist on type 'IntrinsicAttributes & RefAttributes<any>'.
src/pages/Profile.jsx(276,17): error TS2322: Type '{ checked: boolean; onCheckedChange: (checked: any) => void; }' is not assignable to type 'IntrinsicAttributes & RefAttributes<any>'.
  Property 'checked' does not exist on type 'IntrinsicAttributes & RefAttributes<any>'.
src/pages/Profile.jsx(289,17): error TS2322: Type '{ checked: boolean; onCheckedChange: (checked: any) => void; }' is not assignable to type 'IntrinsicAttributes & RefAttributes<any>'.
  Property 'checked' does not exist on type 'IntrinsicAttributes & RefAttributes<any>'.
src/pages/Profile.jsx(302,17): error TS2322: Type '{ checked: boolean; onCheckedChange: (checked: any) => void; }' is not assignable to type 'IntrinsicAttributes & RefAttributes<any>'.
  Property 'checked' does not exist on type 'IntrinsicAttributes & RefAttributes<any>'.
src/pages/Reconciliation.jsx(49,65): error TS2345: Argument of type 'void' is not assignable to parameter of type 'Record<string, any>'.
src/pages/Reconciliation.jsx(127,10): error TS2322: Type '{ children: (string | Element)[]; onClick: () => void; disabled: boolean; className: string; }' is not assignable to type 'IntrinsicAttributes & RefAttributes<any>'.
  Property 'children' does not exist on type 'IntrinsicAttributes & RefAttributes<any>'.
src/pages/Reconciliation.jsx(178,13): error TS2322: Type '{ placeholder: string; value: string; onChange: (e: any) => void; className: string; }' is not assignable to type 'IntrinsicAttributes & RefAttributes<any>'.
  Property 'placeholder' does not exist on type 'IntrinsicAttributes & RefAttributes<any>'.
src/pages/Reconciliation.jsx(185,12): error TS2322: Type '{ children: Element[]; className: string; }' is not assignable to type 'IntrinsicAttributes & RefAttributes<any>'.
  Property 'children' does not exist on type 'IntrinsicAttributes & RefAttributes<any>'.
src/pages/Reconciliation.jsx(189,12): error TS2559: Type '{ children: Element[]; }' has no properties in common with type 'IntrinsicAttributes & RefAttributes<any>'.
src/pages/Reconciliation.jsx(190,14): error TS2322: Type '{ children: string; value: string; }' is not assignable to type 'IntrinsicAttributes & RefAttributes<any>'.
  Property 'children' does not exist on type 'IntrinsicAttributes & RefAttributes<any>'.
src/pages/Reconciliation.jsx(191,14): error TS2322: Type '{ children: string; value: string; }' is not assignable to type 'IntrinsicAttributes & RefAttributes<any>'.
  Property 'children' does not exist on type 'IntrinsicAttributes & RefAttributes<any>'.
src/pages/Reconciliation.jsx(192,14): error TS2322: Type '{ children: string; value: string; }' is not assignable to type 'IntrinsicAttributes & RefAttributes<any>'.
  Property 'children' does not exist on type 'IntrinsicAttributes & RefAttributes<any>'.
src/pages/Reconciliation.jsx(193,14): error TS2322: Type '{ children: string; value: string; }' is not assignable to type 'IntrinsicAttributes & RefAttributes<any>'.
  Property 'children' does not exist on type 'IntrinsicAttributes & RefAttributes<any>'.
src/pages/Reconciliation.jsx(194,14): error TS2322: Type '{ children: string; value: string; }' is not assignable to type 'IntrinsicAttributes & RefAttributes<any>'.
  Property 'children' does not exist on type 'IntrinsicAttributes & RefAttributes<any>'.
src/pages/Reconciliation.jsx(220,18): error TS2322: Type '{ children: string; size: string; variant: string; className: string; }' is not assignable to type 'IntrinsicAttributes & RefAttributes<any>'.
  Property 'children' does not exist on type 'IntrinsicAttributes & RefAttributes<any>'.
src/pages/Reconciliation.jsx(241,47): error TS2322: Type '{ key: any; rec: any; }' is not assignable to type 'IntrinsicAttributes & object'.
  Property 'rec' does not exist on type 'IntrinsicAttributes & object'.
src/pages/Reports.jsx(294,12): error TS2322: Type '{ children: (string | Element)[]; onClick: () => void; className: string; }' is not assignable to type 'IntrinsicAttributes & RefAttributes<any>'.
  Property 'children' does not exist on type 'IntrinsicAttributes & RefAttributes<any>'.
src/pages/Reports.jsx(301,12): error TS2322: Type '{ children: (string | Element)[]; onClick: () => Promise<void>; className: string; }' is not assignable to type 'IntrinsicAttributes & RefAttributes<any>'.
  Property 'children' does not exist on type 'IntrinsicAttributes & RefAttributes<any>'.
src/pages/Reports.jsx(322,16): error TS2322: Type '{ children: Element[]; className: string; }' is not assignable to type 'IntrinsicAttributes & RefAttributes<any>'.
  Property 'children' does not exist on type 'IntrinsicAttributes & RefAttributes<any>'.
src/pages/Reports.jsx(326,16): error TS2559: Type '{ children: Element[]; }' has no properties in common with type 'IntrinsicAttributes & RefAttributes<any>'.
src/pages/Reports.jsx(327,18): error TS2322: Type '{ children: string; value: string; }' is not assignable to type 'IntrinsicAttributes & RefAttributes<any>'.
  Property 'children' does not exist on type 'IntrinsicAttributes & RefAttributes<any>'.
src/pages/Reports.jsx(328,18): error TS2322: Type '{ children: string; value: string; }' is not assignable to type 'IntrinsicAttributes & RefAttributes<any>'.
  Property 'children' does not exist on type 'IntrinsicAttributes & RefAttributes<any>'.
src/pages/Reports.jsx(329,18): error TS2322: Type '{ children: string; value: string; }' is not assignable to type 'IntrinsicAttributes & RefAttributes<any>'.
  Property 'children' does not exist on type 'IntrinsicAttributes & RefAttributes<any>'.
src/pages/Reports.jsx(330,18): error TS2322: Type '{ children: string; value: string; }' is not assignable to type 'IntrinsicAttributes & RefAttributes<any>'.
  Property 'children' does not exist on type 'IntrinsicAttributes & RefAttributes<any>'.
src/pages/Reports.jsx(338,16): error TS2322: Type '{ children: Element; className: string; }' is not assignable to type 'IntrinsicAttributes & RefAttributes<any>'.
  Property 'children' does not exist on type 'IntrinsicAttributes & RefAttributes<any>'.
src/pages/Reports.jsx(341,16): error TS2559: Type '{ children: Element[]; }' has no properties in common with type 'IntrinsicAttributes & RefAttributes<any>'.
src/pages/Reports.jsx(342,18): error TS2322: Type '{ children: string; value: string; }' is not assignable to type 'IntrinsicAttributes & RefAttributes<any>'.
  Property 'children' does not exist on type 'IntrinsicAttributes & RefAttributes<any>'.
src/pages/Reports.jsx(343,18): error TS2322: Type '{ children: string; value: string; }' is not assignable to type 'IntrinsicAttributes & RefAttributes<any>'.
  Property 'children' does not exist on type 'IntrinsicAttributes & RefAttributes<any>'.
src/pages/Reports.jsx(344,18): error TS2322: Type '{ children: string; value: string; }' is not assignable to type 'IntrinsicAttributes & RefAttributes<any>'.
  Property 'children' does not exist on type 'IntrinsicAttributes & RefAttributes<any>'.
src/pages/Reports.jsx(345,18): error TS2322: Type '{ children: string; value: string; }' is not assignable to type 'IntrinsicAttributes & RefAttributes<any>'.
  Property 'children' does not exist on type 'IntrinsicAttributes & RefAttributes<any>'.
src/pages/Reports.jsx(346,18): error TS2322: Type '{ children: string; value: string; }' is not assignable to type 'IntrinsicAttributes & RefAttributes<any>'.
  Property 'children' does not exist on type 'IntrinsicAttributes & RefAttributes<any>'.
src/pages/Reports.jsx(347,18): error TS2322: Type '{ children: string; value: string; }' is not assignable to type 'IntrinsicAttributes & RefAttributes<any>'.
  Property 'children' does not exist on type 'IntrinsicAttributes & RefAttributes<any>'.
src/pages/Reports.jsx(348,18): error TS2322: Type '{ children: string; value: string; }' is not assignable to type 'IntrinsicAttributes & RefAttributes<any>'.
  Property 'children' does not exist on type 'IntrinsicAttributes & RefAttributes<any>'.
src/pages/Reports.jsx(356,16): error TS2322: Type '{ children: Element; className: string; }' is not assignable to type 'IntrinsicAttributes & RefAttributes<any>'.
  Property 'children' does not exist on type 'IntrinsicAttributes & RefAttributes<any>'.
src/pages/Reports.jsx(359,16): error TS2559: Type '{ children: Element[]; }' has no properties in common with type 'IntrinsicAttributes & RefAttributes<any>'.
src/pages/Reports.jsx(360,18): error TS2322: Type '{ children: string; value: string; }' is not assignable to type 'IntrinsicAttributes & RefAttributes<any>'.
  Property 'children' does not exist on type 'IntrinsicAttributes & RefAttributes<any>'.
src/pages/Reports.jsx(361,18): error TS2322: Type '{ children: string; value: string; }' is not assignable to type 'IntrinsicAttributes & RefAttributes<any>'.
  Property 'children' does not exist on type 'IntrinsicAttributes & RefAttributes<any>'.
src/pages/Reports.jsx(362,18): error TS2322: Type '{ children: string; value: string; }' is not assignable to type 'IntrinsicAttributes & RefAttributes<any>'.
  Property 'children' does not exist on type 'IntrinsicAttributes & RefAttributes<any>'.
src/pages/Reports.jsx(363,18): error TS2322: Type '{ children: string; value: string; }' is not assignable to type 'IntrinsicAttributes & RefAttributes<any>'.
  Property 'children' does not exist on type 'IntrinsicAttributes & RefAttributes<any>'.
src/pages/Reports.jsx(364,18): error TS2322: Type '{ children: string; value: string; }' is not assignable to type 'IntrinsicAttributes & RefAttributes<any>'.
  Property 'children' does not exist on type 'IntrinsicAttributes & RefAttributes<any>'.
src/pages/Reports.jsx(365,18): error TS2322: Type '{ children: string; value: string; }' is not assignable to type 'IntrinsicAttributes & RefAttributes<any>'.
  Property 'children' does not exist on type 'IntrinsicAttributes & RefAttributes<any>'.
src/pages/Reports.jsx(485,36): error TS2739: Type '{}' is missing the following properties from type '{ active: any; payload: any; }': active, payload
src/pages/Reports.jsx(526,36): error TS2739: Type '{}' is missing the following properties from type '{ active: any; payload: any; }': active, payload
src/pages/Reports.jsx(561,34): error TS2739: Type '{}' is missing the following properties from type '{ active: any; payload: any; }': active, payload
src/pages/RevenueAutopsy.jsx(39,20): error TS2339: Property 'id' does not exist on type 'void'.
src/pages/RevenueAutopsy.jsx(39,24): error TS2339: Property 'data' does not exist on type 'void'.
src/pages/RevenueAutopsy.jsx(41,37): error TS2559: Type 'string[]' has no properties in common with type 'InvalidateQueryFilters<readonly unknown[]>'.
src/pages/RevenueAutopsy.jsx(52,30): error TS2554: Expected 2 arguments, but got 1.
src/pages/RevenueAutopsy.jsx(53,37): error TS2559: Type 'string[]' has no properties in common with type 'InvalidateQueryFilters<readonly unknown[]>'.
src/pages/RevenueAutopsy.jsx(70,32): error TS2345: Argument of type '{ id: any; data: { status: any; decision_made_at: string; decision_notes: string; }; }' is not assignable to parameter of type 'void'.
src/pages/RevenueAutopsy.jsx(94,10): error TS2322: Type '{ children: (string | Element)[]; onClick: () => Promise<void>; disabled: boolean; className: string; }' is not assignable to type 'IntrinsicAttributes & RefAttributes<any>'.
  Property 'children' does not exist on type 'IntrinsicAttributes & RefAttributes<any>'.
src/pages/RevenueAutopsy.jsx(168,17): error TS2322: Type '{ key: any; event: any; onDecision: (event: any, decision: any) => void; }' is not assignable to type 'IntrinsicAttributes & object'.
  Property 'event' does not exist on type 'IntrinsicAttributes & object'.
src/pages/RevenueAutopsy.jsx(209,10): error TS2322: Type '{ children: Element[]; className: string; }' is not assignable to type 'IntrinsicAttributes & RefAttributes<any>'.
  Property 'children' does not exist on type 'IntrinsicAttributes & RefAttributes<any>'.
src/pages/RevenueAutopsy.jsx(210,12): error TS2741: Property 'className' is missing in type '{ children: Element; }' but required in type '{ [x: string]: any; className: any; }'.
src/pages/RevenueAutopsy.jsx(211,14): error TS2322: Type '{ children: string; className: string; }' is not assignable to type 'IntrinsicAttributes & RefAttributes<any>'.
  Property 'children' does not exist on type 'IntrinsicAttributes & RefAttributes<any>'.
src/pages/RevenueAutopsy.jsx(218,15): error TS2322: Type '{ value: string; onChange: (e: any) => void; placeholder: string; className: string; }' is not assignable to type 'IntrinsicAttributes & RefAttributes<any>'.
  Property 'value' does not exist on type 'IntrinsicAttributes & RefAttributes<any>'.
src/pages/RevenueAutopsy.jsx(224,16): error TS2322: Type '{ children: string; variant: string; onClick: () => void; className: string; }' is not assignable to type 'IntrinsicAttributes & RefAttributes<any>'.
  Property 'children' does not exist on type 'IntrinsicAttributes & RefAttributes<any>'.
src/pages/RevenueAutopsy.jsx(231,16): error TS2322: Type '{ children: (string | Element)[]; onClick: () => void; disabled: boolean; className: string; }' is not assignable to type 'IntrinsicAttributes & RefAttributes<any>'.
  Property 'children' does not exist on type 'IntrinsicAttributes & RefAttributes<any>'.
src/pages/Settings.jsx(121,16): error TS2322: Type '{ children: string; htmlFor: string; className: string; }' is not assignable to type 'IntrinsicAttributes & RefAttributes<any>'.
  Property 'children' does not exist on type 'IntrinsicAttributes & RefAttributes<any>'.
src/pages/Settings.jsx(123,17): error TS2322: Type '{ id: string; value: string; onChange: (e: any) => void; className: string; placeholder: string; }' is not assignable to type 'IntrinsicAttributes & RefAttributes<any>'.
  Property 'id' does not exist on type 'IntrinsicAttributes & RefAttributes<any>'.
src/pages/Settings.jsx(131,16): error TS2322: Type '{ children: string; htmlFor: string; className: string; }' is not assignable to type 'IntrinsicAttributes & RefAttributes<any>'.
  Property 'children' does not exist on type 'IntrinsicAttributes & RefAttributes<any>'.
src/pages/Settings.jsx(133,17): error TS2322: Type '{ id: string; value: any; disabled: true; className: string; }' is not assignable to type 'IntrinsicAttributes & RefAttributes<any>'.
  Property 'id' does not exist on type 'IntrinsicAttributes & RefAttributes<any>'.
src/pages/Settings.jsx(172,14): error TS2322: Type '{ children: string; variant: string; className: string; onClick: () => void; }' is not assignable to type 'IntrinsicAttributes & RefAttributes<any>'.
  Property 'children' does not exist on type 'IntrinsicAttributes & RefAttributes<any>'.
src/pages/Settings.jsx(175,42): error TS2554: Expected 1 arguments, but got 0.
src/pages/Settings.jsx(191,14): error TS2322: Type '{ children: string; variant: string; className: string; onClick: () => void; }' is not assignable to type 'IntrinsicAttributes & RefAttributes<any>'.
  Property 'children' does not exist on type 'IntrinsicAttributes & RefAttributes<any>'.
src/pages/Settings.jsx(194,42): error TS2554: Expected 1 arguments, but got 0.
src/pages/Settings.jsx(218,15): error TS2322: Type '{ checked: boolean; onCheckedChange: (checked: any) => void; }' is not assignable to type 'IntrinsicAttributes & RefAttributes<any>'.
  Property 'checked' does not exist on type 'IntrinsicAttributes & RefAttributes<any>'.
src/pages/Settings.jsx(225,16): error TS2322: Type '{ children: string; className: string; }' is not assignable to type 'IntrinsicAttributes & RefAttributes<any>'.
  Property 'children' does not exist on type 'IntrinsicAttributes & RefAttributes<any>'.
src/pages/Settings.jsx(230,18): error TS2322: Type '{ children: Element; className: string; }' is not assignable to type 'IntrinsicAttributes & RefAttributes<any>'.
  Property 'children' does not exist on type 'IntrinsicAttributes & RefAttributes<any>'.
src/pages/Settings.jsx(233,18): error TS2559: Type '{ children: Element[]; }' has no properties in common with type 'IntrinsicAttributes & RefAttributes<any>'.
src/pages/Settings.jsx(234,20): error TS2322: Type '{ children: string; value: string; }' is not assignable to type 'IntrinsicAttributes & RefAttributes<any>'.
  Property 'children' does not exist on type 'IntrinsicAttributes & RefAttributes<any>'.
src/pages/Settings.jsx(235,20): error TS2322: Type '{ children: string; value: string; }' is not assignable to type 'IntrinsicAttributes & RefAttributes<any>'.
  Property 'children' does not exist on type 'IntrinsicAttributes & RefAttributes<any>'.
src/pages/Settings.jsx(236,20): error TS2322: Type '{ children: string; value: string; }' is not assignable to type 'IntrinsicAttributes & RefAttributes<any>'.
  Property 'children' does not exist on type 'IntrinsicAttributes & RefAttributes<any>'.
src/pages/Settings.jsx(323,10): error TS2322: Type '{ children: (string | Element)[]; onClick: () => Promise<void>; disabled: boolean; className: string; }' is not assignable to type 'IntrinsicAttributes & RefAttributes<any>'.
  Property 'children' does not exist on type 'IntrinsicAttributes & RefAttributes<any>'.
src/pages/SettingsConnectedApps.jsx(21,67): error TS2345: Argument of type 'void' is not assignable to parameter of type 'string'.
src/pages/SettingsConnectedApps.jsx(23,37): error TS2559: Type 'string[]' has no properties in common with type 'InvalidateQueryFilters<readonly unknown[]>'.
src/pages/SettingsConnectedApps.jsx(32,20): error TS2339: Property 'id' does not exist on type 'void'.
src/pages/SettingsConnectedApps.jsx(32,24): error TS2339: Property 'data' does not exist on type 'void'.
src/pages/SettingsConnectedApps.jsx(34,37): error TS2559: Type 'string[]' has no properties in common with type 'InvalidateQueryFilters<readonly unknown[]>'.
src/pages/SettingsConnectedApps.jsx(55,28): error TS2345: Argument of type '{ id: any; data: { expires_at: string; last_synced: string; }; }' is not assignable to parameter of type 'void'.
src/pages/SettingsConnectedApps.jsx(127,28): error TS2322: Type '{ children: (string | Element)[]; size: string; variant: string; onClick: () => void; className: string; "aria-label": string; }' is not assignable to type 'IntrinsicAttributes & RefAttributes<any>'.
  Property 'children' does not exist on type 'IntrinsicAttributes & RefAttributes<any>'.
src/pages/SettingsConnectedApps.jsx(137,28): error TS2322: Type '{ children: (string | Element)[]; size: string; variant: string; onClick: () => void; className: string; "aria-label": string; }' is not assignable to type 'IntrinsicAttributes & RefAttributes<any>'.
  Property 'children' does not exist on type 'IntrinsicAttributes & RefAttributes<any>'.
src/pages/SettingsConnectedApps.jsx(150,28): error TS2322: Type '{ children: string; size: string; className: string; "aria-label": string; }' is not assignable to type 'IntrinsicAttributes & RefAttributes<any>'.
  Property 'children' does not exist on type 'IntrinsicAttributes & RefAttributes<any>'.
src/pages/SettingsConnectedApps.jsx(192,14): error TS2322: Type '{ children: string; className: string; }' is not assignable to type 'IntrinsicAttributes & RefAttributes<any>'.
  Property 'children' does not exist on type 'IntrinsicAttributes & RefAttributes<any>'.
src/pages/SettingsSubscription.jsx(165,16): error TS2322: Type '{ children: string; onClick: () => void; disabled: boolean; className: string; }' is not assignable to type 'IntrinsicAttributes & RefAttributes<any>'.
  Property 'children' does not exist on type 'IntrinsicAttributes & RefAttributes<any>'.
src/pages/SettingsSubscription.jsx(204,14): error TS2322: Type '{ children: string; className: string; }' is not assignable to type 'IntrinsicAttributes & RefAttributes<any>'.
  Property 'children' does not exist on type 'IntrinsicAttributes & RefAttributes<any>'.
src/pages/SettingsSubscription.jsx(205,14): error TS2322: Type '{ children: string; className: string; }' is not assignable to type 'IntrinsicAttributes & RefAttributes<any>'.
  Property 'children' does not exist on type 'IntrinsicAttributes & RefAttributes<any>'.
src/pages/Subscription.jsx(170,14): error TS2322: Type '{ children: string; onClick: () => Promise<void>; disabled: boolean; className: string; }' is not assignable to type 'IntrinsicAttributes & RefAttributes<any>'.
  Property 'children' does not exist on type 'IntrinsicAttributes & RefAttributes<any>'.
src/pages/Subscription.jsx(216,14): error TS2322: Type '{ children: string; className: string; }' is not assignable to type 'IntrinsicAttributes & RefAttributes<any>'.
  Property 'children' does not exist on type 'IntrinsicAttributes & RefAttributes<any>'.
src/pages/Subscription.jsx(217,14): error TS2322: Type '{ children: string; className: string; }' is not assignable to type 'IntrinsicAttributes & RefAttributes<any>'.
  Property 'children' does not exist on type 'IntrinsicAttributes & RefAttributes<any>'.
src/pages/TaxEstimator.jsx(69,65): error TS2345: Argument of type 'void' is not assignable to parameter of type 'Record<string, any>'.
src/pages/TaxEstimator.jsx(71,52): error TS2698: Spread types may only be created from object types.
src/pages/TaxEstimator.jsx(75,37): error TS2559: Type 'string[]' has no properties in common with type 'InvalidateQueryFilters<readonly unknown[]>'.
src/pages/TaxEstimator.jsx(149,38): error TS2362: The left-hand side of an arithmetic operation must be of type 'any', 'number', 'bigint' or an enum type.
src/pages/TaxEstimator.jsx(149,53): error TS2363: The right-hand side of an arithmetic operation must be of type 'any', 'number', 'bigint' or an enum type.
src/pages/TaxEstimator.jsx(154,38): error TS2362: The left-hand side of an arithmetic operation must be of type 'any', 'number', 'bigint' or an enum type.
src/pages/TaxEstimator.jsx(154,53): error TS2363: The right-hand side of an arithmetic operation must be of type 'any', 'number', 'bigint' or an enum type.
src/pages/TaxEstimator.jsx(177,37): error TS2345: Argument of type '{ filing_status: string; effective_income_tax_rate: number; estimated_deductions: number; }' is not assignable to parameter of type 'void'.
src/pages/TaxEstimator.jsx(187,37): error TS2345: Argument of type '{ [x: string]: number; }' is not assignable to parameter of type 'void'.
src/pages/TaxEstimator.jsx(225,12): error TS2322: Type '{ children: (string | Element)[]; onClick: () => Promise<void>; className: string; }' is not assignable to type 'IntrinsicAttributes & RefAttributes<any>'.
  Property 'children' does not exist on type 'IntrinsicAttributes & RefAttributes<any>'.
src/pages/TaxEstimator.jsx(232,12): error TS2322: Type '{ children: (string | Element)[]; onClick: () => void; className: string; }' is not assignable to type 'IntrinsicAttributes & RefAttributes<any>'.
  Property 'children' does not exist on type 'IntrinsicAttributes & RefAttributes<any>'.
src/pages/TaxEstimator.jsx(406,20): error TS2322: Type '{ children: string; onClick: () => void; disabled: boolean; className: string; }' is not assignable to type 'IntrinsicAttributes & RefAttributes<any>'.
  Property 'children' does not exist on type 'IntrinsicAttributes & RefAttributes<any>'.
src/pages/TaxEstimator.jsx(441,10): error TS2322: Type '{ children: Element[]; className: string; }' is not assignable to type 'IntrinsicAttributes & RefAttributes<any>'.
  Property 'children' does not exist on type 'IntrinsicAttributes & RefAttributes<any>'.
src/pages/TaxEstimator.jsx(442,12): error TS2741: Property 'className' is missing in type '{ children: Element[]; }' but required in type '{ [x: string]: any; className: any; }'.
src/pages/TaxEstimator.jsx(443,14): error TS2322: Type '{ children: string; className: string; }' is not assignable to type 'IntrinsicAttributes & RefAttributes<any>'.
  Property 'children' does not exist on type 'IntrinsicAttributes & RefAttributes<any>'.
src/pages/TaxEstimator.jsx(444,14): error TS2322: Type '{ children: string; className: string; }' is not assignable to type 'IntrinsicAttributes & RefAttributes<any>'.
  Property 'children' does not exist on type 'IntrinsicAttributes & RefAttributes<any>'.
src/pages/TaxEstimator.jsx(451,16): error TS2322: Type '{ children: string; className: string; }' is not assignable to type 'IntrinsicAttributes & RefAttributes<any>'.
  Property 'children' does not exist on type 'IntrinsicAttributes & RefAttributes<any>'.
src/pages/TaxEstimator.jsx(456,18): error TS2322: Type '{ children: Element; className: string; }' is not assignable to type 'IntrinsicAttributes & RefAttributes<any>'.
  Property 'children' does not exist on type 'IntrinsicAttributes & RefAttributes<any>'.
src/pages/TaxEstimator.jsx(459,18): error TS2559: Type '{ children: Element[]; }' has no properties in common with type 'IntrinsicAttributes & RefAttributes<any>'.
src/pages/TaxEstimator.jsx(460,20): error TS2322: Type '{ children: string; value: string; }' is not assignable to type 'IntrinsicAttributes & RefAttributes<any>'.
  Property 'children' does not exist on type 'IntrinsicAttributes & RefAttributes<any>'.
src/pages/TaxEstimator.jsx(461,20): error TS2322: Type '{ children: string; value: string; }' is not assignable to type 'IntrinsicAttributes & RefAttributes<any>'.
  Property 'children' does not exist on type 'IntrinsicAttributes & RefAttributes<any>'.
src/pages/TaxEstimator.jsx(462,20): error TS2322: Type '{ children: string; value: string; }' is not assignable to type 'IntrinsicAttributes & RefAttributes<any>'.
  Property 'children' does not exist on type 'IntrinsicAttributes & RefAttributes<any>'.
src/pages/TaxEstimator.jsx(463,20): error TS2322: Type '{ children: string; value: string; }' is not assignable to type 'IntrinsicAttributes & RefAttributes<any>'.
  Property 'children' does not exist on type 'IntrinsicAttributes & RefAttributes<any>'.
src/pages/TaxEstimator.jsx(469,16): error TS2322: Type '{ children: string; className: string; }' is not assignable to type 'IntrinsicAttributes & RefAttributes<any>'.
  Property 'children' does not exist on type 'IntrinsicAttributes & RefAttributes<any>'.
src/pages/TaxEstimator.jsx(471,17): error TS2322: Type '{ type: string; value: number; onChange: (e: any) => void; className: string; }' is not assignable to type 'IntrinsicAttributes & RefAttributes<any>'.
  Property 'type' does not exist on type 'IntrinsicAttributes & RefAttributes<any>'.
src/pages/TaxEstimator.jsx(480,16): error TS2322: Type '{ children: string; className: string; }' is not assignable to type 'IntrinsicAttributes & RefAttributes<any>'.
  Property 'children' does not exist on type 'IntrinsicAttributes & RefAttributes<any>'.
src/pages/TaxEstimator.jsx(482,17): error TS2322: Type '{ type: string; value: number; onChange: (e: any) => void; className: string; }' is not assignable to type 'IntrinsicAttributes & RefAttributes<any>'.
  Property 'type' does not exist on type 'IntrinsicAttributes & RefAttributes<any>'.
src/pages/TaxEstimator.jsx(491,16): error TS2322: Type '{ children: string; variant: string; onClick: () => void; className: string; }' is not assignable to type 'IntrinsicAttributes & RefAttributes<any>'.
  Property 'children' does not exist on type 'IntrinsicAttributes & RefAttributes<any>'.
src/pages/TaxEstimator.jsx(498,16): error TS2322: Type '{ children: string; onClick: () => void; disabled: boolean; className: string; }' is not assignable to type 'IntrinsicAttributes & RefAttributes<any>'.
  Property 'children' does not exist on type 'IntrinsicAttributes & RefAttributes<any>'.
src/pages/TaxExport.jsx(25,10): error TS2322: Type '{ children: (string | Element)[]; className: string; disabled: true; }' is not assignable to type 'IntrinsicAttributes & RefAttributes<any>'.
  Property 'children' does not exist on type 'IntrinsicAttributes & RefAttributes<any>'.
src/pages/TaxReports.jsx(138,14): error TS2322: Type '{ children: Element[]; className: string; }' is not assignable to type 'IntrinsicAttributes & RefAttributes<any>'.
  Property 'children' does not exist on type 'IntrinsicAttributes & RefAttributes<any>'.
src/pages/TaxReports.jsx(142,14): error TS2559: Type '{ children: Element[]; }' has no properties in common with type 'IntrinsicAttributes & RefAttributes<any>'.
src/pages/TaxReports.jsx(144,18): error TS2322: Type '{ children: string; key: string; value: string; }' is not assignable to type 'IntrinsicAttributes & RefAttributes<any>'.
  Property 'children' does not exist on type 'IntrinsicAttributes & RefAttributes<any>'.
src/pages/TaxReports.jsx(148,12): error TS2322: Type '{ children: (string | Element)[]; onClick: () => Promise<void>; disabled: boolean; className: string; }' is not assignable to type 'IntrinsicAttributes & RefAttributes<any>'.
  Property 'children' does not exist on type 'IntrinsicAttributes & RefAttributes<any>'.
src/pages/TransactionAnalysis.jsx(147,10): error TS2322: Type '{ children: (string | Element)[]; onClick: () => void; className: string; }' is not assignable to type 'IntrinsicAttributes & RefAttributes<any>'.
  Property 'children' does not exist on type 'IntrinsicAttributes & RefAttributes<any>'.
src/pages/TransactionAnalysis.jsx(195,15): error TS2322: Type '{ placeholder: string; value: string; onChange: (e: any) => void; className: string; }' is not assignable to type 'IntrinsicAttributes & RefAttributes<any>'.
  Property 'placeholder' does not exist on type 'IntrinsicAttributes & RefAttributes<any>'.
src/pages/TransactionAnalysis.jsx(203,14): error TS2322: Type '{ children: Element; className: string; }' is not assignable to type 'IntrinsicAttributes & RefAttributes<any>'.
  Property 'children' does not exist on type 'IntrinsicAttributes & RefAttributes<any>'.
src/pages/TransactionAnalysis.jsx(206,14): error TS2559: Type '{ children: (Element | Element[])[]; }' has no properties in common with type 'IntrinsicAttributes & RefAttributes<any>'.
src/pages/TransactionAnalysis.jsx(207,16): error TS2322: Type '{ children: string; value: string; }' is not assignable to type 'IntrinsicAttributes & RefAttributes<any>'.
  Property 'children' does not exist on type 'IntrinsicAttributes & RefAttributes<any>'.
src/pages/TransactionAnalysis.jsx(209,18): error TS2322: Type '{ children: string; key: string; value: string; }' is not assignable to type 'IntrinsicAttributes & RefAttributes<any>'.
  Property 'children' does not exist on type 'IntrinsicAttributes & RefAttributes<any>'.
src/pages/TransactionAnalysis.jsx(215,14): error TS2322: Type '{ children: Element; className: string; }' is not assignable to type 'IntrinsicAttributes & RefAttributes<any>'.
  Property 'children' does not exist on type 'IntrinsicAttributes & RefAttributes<any>'.
src/pages/TransactionAnalysis.jsx(218,14): error TS2559: Type '{ children: (Element | Element[])[]; }' has no properties in common with type 'IntrinsicAttributes & RefAttributes<any>'.
src/pages/TransactionAnalysis.jsx(219,16): error TS2322: Type '{ children: string; value: string; }' is not assignable to type 'IntrinsicAttributes & RefAttributes<any>'.
  Property 'children' does not exist on type 'IntrinsicAttributes & RefAttributes<any>'.
src/pages/TransactionAnalysis.jsx(221,18): error TS2322: Type '{ children: string; key: string; value: string; }' is not assignable to type 'IntrinsicAttributes & RefAttributes<any>'.
  Property 'children' does not exist on type 'IntrinsicAttributes & RefAttributes<any>'.
src/pages/TransactionAnalysis.jsx(226,12): error TS2322: Type '{ children: (string | Element)[]; variant: string; onClick: () => void; className: string; }' is not assignable to type 'IntrinsicAttributes & RefAttributes<any>'.
  Property 'children' does not exist on type 'IntrinsicAttributes & RefAttributes<any>'.
src/pages/TransactionAnalysis.jsx(330,16): error TS2322: Type '{ children: Element; variant: string; size: string; onClick: () => void; disabled: boolean; className: string; }' is not assignable to type 'IntrinsicAttributes & RefAttributes<any>'.
  Property 'children' does not exist on type 'IntrinsicAttributes & RefAttributes<any>'.
src/pages/TransactionAnalysis.jsx(339,16): error TS2322: Type '{ children: Element; variant: string; size: string; onClick: () => void; disabled: boolean; className: string; }' is not assignable to type 'IntrinsicAttributes & RefAttributes<any>'.
  Property 'children' does not exist on type 'IntrinsicAttributes & RefAttributes<any>'.
src/pages/Transactions.jsx(92,10): error TS2322: Type '{ children: (string | Element)[]; className: string; }' is not assignable to type 'IntrinsicAttributes & RefAttributes<any>'.
  Property 'children' does not exist on type 'IntrinsicAttributes & RefAttributes<any>'.
src/pages/Transactions.jsx(104,15): error TS2322: Type '{ placeholder: string; "aria-label": string; value: string; onChange: (e: any) => void; className: string; }' is not assignable to type 'IntrinsicAttributes & RefAttributes<any>'.
  Property 'placeholder' does not exist on type 'IntrinsicAttributes & RefAttributes<any>'.
src/pages/Transactions.jsx(113,14): error TS2322: Type '{ children: Element; className: string; }' is not assignable to type 'IntrinsicAttributes & RefAttributes<any>'.
  Property 'children' does not exist on type 'IntrinsicAttributes & RefAttributes<any>'.
src/pages/Transactions.jsx(116,14): error TS2559: Type '{ children: Element[]; }' has no properties in common with type 'IntrinsicAttributes & RefAttributes<any>'.
src/pages/Transactions.jsx(117,16): error TS2322: Type '{ children: string; value: string; }' is not assignable to type 'IntrinsicAttributes & RefAttributes<any>'.
  Property 'children' does not exist on type 'IntrinsicAttributes & RefAttributes<any>'.
src/pages/Transactions.jsx(118,16): error TS2322: Type '{ children: string; value: string; }' is not assignable to type 'IntrinsicAttributes & RefAttributes<any>'.
  Property 'children' does not exist on type 'IntrinsicAttributes & RefAttributes<any>'.
src/pages/Transactions.jsx(119,16): error TS2322: Type '{ children: string; value: string; }' is not assignable to type 'IntrinsicAttributes & RefAttributes<any>'.
  Property 'children' does not exist on type 'IntrinsicAttributes & RefAttributes<any>'.
src/pages/Transactions.jsx(120,16): error TS2322: Type '{ children: string; value: string; }' is not assignable to type 'IntrinsicAttributes & RefAttributes<any>'.
  Property 'children' does not exist on type 'IntrinsicAttributes & RefAttributes<any>'.
src/pages/Transactions.jsx(121,16): error TS2322: Type '{ children: string; value: string; }' is not assignable to type 'IntrinsicAttributes & RefAttributes<any>'.
  Property 'children' does not exist on type 'IntrinsicAttributes & RefAttributes<any>'.
src/pages/Transactions.jsx(122,16): error TS2322: Type '{ children: string; value: string; }' is not assignable to type 'IntrinsicAttributes & RefAttributes<any>'.
  Property 'children' does not exist on type 'IntrinsicAttributes & RefAttributes<any>'.
src/pages/Transactions.jsx(123,16): error TS2322: Type '{ children: string; value: string; }' is not assignable to type 'IntrinsicAttributes & RefAttributes<any>'.
  Property 'children' does not exist on type 'IntrinsicAttributes & RefAttributes<any>'.
src/pages/Transactions.jsx(128,14): error TS2322: Type '{ children: Element; className: string; }' is not assignable to type 'IntrinsicAttributes & RefAttributes<any>'.
  Property 'children' does not exist on type 'IntrinsicAttributes & RefAttributes<any>'.
src/pages/Transactions.jsx(131,14): error TS2559: Type '{ children: Element[]; }' has no properties in common with type 'IntrinsicAttributes & RefAttributes<any>'.
src/pages/Transactions.jsx(132,16): error TS2322: Type '{ children: string; value: string; }' is not assignable to type 'IntrinsicAttributes & RefAttributes<any>'.
  Property 'children' does not exist on type 'IntrinsicAttributes & RefAttributes<any>'.
src/pages/Transactions.jsx(133,16): error TS2322: Type '{ children: string; value: string; }' is not assignable to type 'IntrinsicAttributes & RefAttributes<any>'.
  Property 'children' does not exist on type 'IntrinsicAttributes & RefAttributes<any>'.
src/pages/Transactions.jsx(134,16): error TS2322: Type '{ children: string; value: string; }' is not assignable to type 'IntrinsicAttributes & RefAttributes<any>'.
  Property 'children' does not exist on type 'IntrinsicAttributes & RefAttributes<any>'.
src/pages/Transactions.jsx(135,16): error TS2322: Type '{ children: string; value: string; }' is not assignable to type 'IntrinsicAttributes & RefAttributes<any>'.
  Property 'children' does not exist on type 'IntrinsicAttributes & RefAttributes<any>'.
src/pages/Transactions.jsx(136,16): error TS2322: Type '{ children: string; value: string; }' is not assignable to type 'IntrinsicAttributes & RefAttributes<any>'.
  Property 'children' does not exist on type 'IntrinsicAttributes & RefAttributes<any>'.
src/pages/Transactions.jsx(137,16): error TS2322: Type '{ children: string; value: string; }' is not assignable to type 'IntrinsicAttributes & RefAttributes<any>'.
  Property 'children' does not exist on type 'IntrinsicAttributes & RefAttributes<any>'.
src/pages/Transactions.jsx(138,16): error TS2322: Type '{ children: string; value: string; }' is not assignable to type 'IntrinsicAttributes & RefAttributes<any>'.
  Property 'children' does not exist on type 'IntrinsicAttributes & RefAttributes<any>'.
src/pages/Transactions.jsx(139,16): error TS2322: Type '{ children: string; value: string; }' is not assignable to type 'IntrinsicAttributes & RefAttributes<any>'.
  Property 'children' does not exist on type 'IntrinsicAttributes & RefAttributes<any>'.
src/pages/Transactions.jsx(144,14): error TS2322: Type '{ children: Element; className: string; }' is not assignable to type 'IntrinsicAttributes & RefAttributes<any>'.
  Property 'children' does not exist on type 'IntrinsicAttributes & RefAttributes<any>'.
src/pages/Transactions.jsx(147,14): error TS2559: Type '{ children: Element[]; }' has no properties in common with type 'IntrinsicAttributes & RefAttributes<any>'.
src/pages/Transactions.jsx(148,16): error TS2322: Type '{ children: string; value: string; }' is not assignable to type 'IntrinsicAttributes & RefAttributes<any>'.
  Property 'children' does not exist on type 'IntrinsicAttributes & RefAttributes<any>'.
src/pages/Transactions.jsx(149,16): error TS2322: Type '{ children: string; value: string; }' is not assignable to type 'IntrinsicAttributes & RefAttributes<any>'.
  Property 'children' does not exist on type 'IntrinsicAttributes & RefAttributes<any>'.
src/pages/Transactions.jsx(150,16): error TS2322: Type '{ children: string; value: string; }' is not assignable to type 'IntrinsicAttributes & RefAttributes<any>'.
  Property 'children' does not exist on type 'IntrinsicAttributes & RefAttributes<any>'.
src/pages/Transactions.jsx(151,16): error TS2322: Type '{ children: string; value: string; }' is not assignable to type 'IntrinsicAttributes & RefAttributes<any>'.
  Property 'children' does not exist on type 'IntrinsicAttributes & RefAttributes<any>'.
src/pages/Transactions.jsx(152,16): error TS2322: Type '{ children: string; value: string; }' is not assignable to type 'IntrinsicAttributes & RefAttributes<any>'.
  Property 'children' does not exist on type 'IntrinsicAttributes & RefAttributes<any>'.
src/pages/Transactions.jsx(218,21): error TS2322: Type '{ key: any; transaction: any; isExpanded: boolean; onToggleExpand: (id: any) => void; }' is not assignable to type 'IntrinsicAttributes & object'.
  Property 'transaction' does not exist on type 'IntrinsicAttributes & object'.
src/pages/Transactions.jsx(225,23): error TS2322: Type 'string' is not assignable to type 'number'.
ELIFECYCLE Command failed with exit code 2.
